<?xml version="1.0" encoding="UTF-8"?>
<!-- Generated by org.testng.reporters.JUnitReportReporter -->
<testsuite hostname="Praveen" failures="0" tests="3" name="testng.Test1" time="0.035" errors="0" timestamp="2022-09-12T15:20:44 IST" skipped="0">
  <testcase classname="testng.Test1" name="meassages" time="0.022"/>
  <system-out>
    <![CDATA[msg]]>
  </system-out>
  <testcase classname="testng.Test1" name="chats" time="0.003"/>
  <system-out>
    <![CDATA[chatting]]>
  </system-out>
  <testcase classname="testng.Test1" name="demo" time="0.010"/>
  <system-out>
    <![CDATA[hello java]]>
  </system-out>
</testsuite> <!-- testng.Test1 -->
